[DEBUG]controller.go:287: state - {SelectAction [0m}; active - [Alice]; input - {1 0}
[DEBUG]controller.go:287: state - {SelectAction [0m}; active - [Alice]; input - {2 1}
[DEBUG]controller.go:287: state - {SelectAction [0m}; active - [Alice]; input - {3 2}
[DEBUG]controller.go:287: state - {SelectAction [0m}; active - [Alice]; input - {4 3}
[DEBUG]controller.go:287: state - {SelectAction [0m}; active - [Alice]; input - {5 4}
[DEBUG]controller.go:287: state - {SelectAction [0m}; active - [Alice]; input - {6 0}
[DEBUG]controller.go:287: state - {SelectAction [0m}; active - [Alice]; input - {7 1}
[DEBUG]controller.go:287: state - {SelectAction [0m}; active - [Alice]; input - {1 0}
[DEBUG]controller.go:287: state - {SelectAction [0m}; active - [Alice]; input - {2 1}
[DEBUG]controller.go:287: state - {SelectAction [0m}; active - [Alice]; input - {3 2}
[DEBUG]controller.go:287: state - {SelectAction [0m}; active - [Alice]; input - {4 3}
[DEBUG]controller.go:287: state - {SelectAction [0m}; active - [Alice]; input - {5 4}
[DEBUG]controller.go:287: state - {SelectAction [0m}; active - [Alice]; input - {6 0}
[DEBUG]controller.go:287: state - {SelectAction [0m}; active - [Alice]; input - {7 1}
[DEBUG]controller.go:287: state - {SelectTarget Coup[0m}; active - [Alice]; input - {2 0}
[DEBUG]controller.go:287: state - {SelectTarget [37mAssassinate[0m}; active - [Alice]; input - {3 0}
[DEBUG]controller.go:287: state - {SelectTarget [36mSteal[0m}; active - [Alice]; input - {4 0}
[DEBUG]controller.go:287: state - {SelectTarget [37mAssassinate[0m}; active - [Alice]; input - {0 0}
[DEBUG]controller.go:287: state - {ChallengeReveal [37mAssassinate[0m}; active - [Alice]; input - {0 1}
[DEBUG]controller.go:287: state - {ChallengeReveal [32mExchange[0m}; active - [Alice]; input - {0 0}
[DEBUG]controller.go:287: state - {ChallengeReveal [36mSteal[0m}; active - [Alice]; input - {1 2}
[DEBUG]controller.go:287: state - {ChallengeReveal [35mTax[0m}; active - [Alice]; input - {1 4}
[DEBUG]controller.go:287: state - {ChallengeReveal [37mAssassinate[0m}; active - [Alice]; input - {1 3}
[DEBUG]controller.go:287: state - {ChallengeReveal [32mExchange[0m}; active - [Alice]; input - {1 2}
[DEBUG]controller.go:287: state - {ChallengeReveal [36mSteal[0m}; active - [Alice]; input - {0 4}
[DEBUG]controller.go:287: state - {ChallengeReveal [35mTax[0m}; active - [Alice]; input - {0 0}
[DEBUG]controller.go:287: state - {ChallengeLoss [37mAssassinate[0m}; active - [Alice]; input - {0 0}
